<html>
<head>
<title>TestNG:  Chrome hackathon</title>
<link href="../testng.css" rel="stylesheet" type="text/css" />
<link href="../my-testng.css" rel="stylesheet" type="text/css" />

<style type="text/css">
.log { display: none;} 
.stack-trace { display: none;} 
</style>
<script type="text/javascript">
<!--
function flip(e) {
  current = e.style.display;
  if (current == 'block') {
    e.style.display = 'none';
    return 0;
  }
  else {
    e.style.display = 'block';
    return 1;
  }
}

function toggleBox(szDivId, elem, msg1, msg2)
{
  var res = -1;  if (document.getElementById) {
    res = flip(document.getElementById(szDivId));
  }
  else if (document.all) {
    // this is the way old msie versions work
    res = flip(document.all[szDivId]);
  }
  if(elem) {
    if(res == 0) elem.innerHTML = msg1; else elem.innerHTML = msg2;
  }

}

function toggleAllBoxes() {
  if (document.getElementsByTagName) {
    d = document.getElementsByTagName('div');
    for (i = 0; i < d.length; i++) {
      if (d[i].className == 'log') {
        flip(d[i]);
      }
    }
  }
}

// -->
</script>

</head>
<body>
<h2 align='center'>Chrome hackathon</h2><table border='1' align="center">
<tr>
<td>Tests passed/Failed/Skipped:</td><td>13/0/0</td>
</tr><tr>
<td>Started on:</td><td>Thu Feb 08 09:50:10 IST 2024</td>
</tr>
<tr><td>Total time:</td><td>470 seconds (470175 ms)</td>
</tr><tr>
<td>Included groups:</td><td>master </td>
</tr><tr>
<td>Excluded groups:</td><td></td>
</tr>
</table><p/>
<small><i>(Hover the method name to see the test class name)</i></small><p/>
<table width='100%' border='1' class='invocation-failed'>
<tr><td colspan='4' align='center'><b>FAILED CONFIGURATIONS</b></td></tr>
<tr><td><b>Test method</b></td>
<td><b>Attribute(s)</b></td>
<td width="30%"><b>Exception</b></td>
<td width="10%"><b>Time (seconds)</b></td>
<td><b>Instance</b></td>
</tr>
<tr>
<td title='TestCase.TC005_gymResults.closeBrowser()'><b>closeBrowser</b><br>Test class: TestCase.TC005_gymResults</td>
<td><div><pre>org.openqa.selenium.WebDriverException: Timed out waiting for driver server to shutdown.
Build info: version: &apos;4.15.0&apos;, revision: &apos;1d14b5521b&apos;
System info: os.name: &apos;Windows 11&apos;, os.arch: &apos;amd64&apos;, os.version: &apos;10.0&apos;, java.version: &apos;17.0.2&apos;
Driver info: org.openqa.selenium.chrome.ChromeDriver
Command: [3cb4824c0ad8f8e49a9b0a48c132772a, quit {}]
Capabilities {acceptInsecureCerts: false, browserName: chrome, browserVersion: 118.0.5993.71, chrome: {chromedriverVersion: 118.0.5993.70 (e52f33f30b91..., userDataDir: C:\Windows\SystemTemp\scope...}, fedcm:accounts: true, goog:chromeOptions: {debuggerAddress: localhost:53792}, networkConnectionEnabled: false, pageLoadStrategy: normal, platformName: windows, proxy: Proxy(), se:cdp: ws://localhost:53792/devtoo..., se:cdpVersion: 118.0.5993.71, setWindowRect: true, strictFileInteractability: false, timeouts: {implicit: 0, pageLoad: 300000, script: 30000}, unhandledPromptBehavior: dismiss and notify, webauthn:extension:credBlob: true, webauthn:extension:largeBlob: true, webauthn:extension:minPinLength: true, webauthn:extension:prf: true, webauthn:virtualAuthenticators: true}
Session ID: 3cb4824c0ad8f8e49a9b0a48c132772a
	at org.openqa.selenium.remote.service.DriverService.stop(DriverService.java:305)
	at org.openqa.selenium.remote.service.DriverCommandExecutor.execute(DriverCommandExecutor.java:162)
	at org.openqa.selenium.remote.RemoteWebDriver.execute(RemoteWebDriver.java:607)
	at org.openqa.selenium.remote.RemoteWebDriver.execute(RemoteWebDriver.java:680)
	at org.openqa.selenium.remote.RemoteWebDriver.execute(RemoteWebDriver.java:684)
	at org.openqa.selenium.remote.RemoteWebDriver.quit(RemoteWebDriver.java:442)
	at org.openqa.selenium.chromium.ChromiumDriver.quit(ChromiumDriver.java:351)
	at TestBase.BaseClass.closeBrowser(BaseClass.java:139)
Caused by: org.openqa.selenium.net.UrlChecker$TimeoutException: Timed out waiting for http://localhost:7799/shutdown to become unavailable after 3040 ms
	at org.openqa.selenium.net.UrlChecker.waitUntilUnavailable(UrlChecker.java:140)
	at org.openqa.selenium.remote.service.DriverService.stop(DriverService.java:301)
	... 31 more
Caused by: java.util.concurrent.TimeoutException
	at java.base/java.util.concurrent.FutureTask.get(FutureTask.java:204)
	at org.openqa.selenium.net.UrlChecker.waitUntilUnavailable(UrlChecker.java:137)
	... 32 more
... Removed 24 stack frames</pre></div><a href='#' onClick='toggleBox("stack-trace1634319881", this, "Click to show all stack frames", "Click to hide stack frames")'>Click to show all stack frames</a>
<div class='stack-trace' id='stack-trace1634319881'><pre>org.openqa.selenium.WebDriverException: Timed out waiting for driver server to shutdown.
Build info: version: &apos;4.15.0&apos;, revision: &apos;1d14b5521b&apos;
System info: os.name: &apos;Windows 11&apos;, os.arch: &apos;amd64&apos;, os.version: &apos;10.0&apos;, java.version: &apos;17.0.2&apos;
Driver info: org.openqa.selenium.chrome.ChromeDriver
Command: [3cb4824c0ad8f8e49a9b0a48c132772a, quit {}]
Capabilities {acceptInsecureCerts: false, browserName: chrome, browserVersion: 118.0.5993.71, chrome: {chromedriverVersion: 118.0.5993.70 (e52f33f30b91..., userDataDir: C:\Windows\SystemTemp\scope...}, fedcm:accounts: true, goog:chromeOptions: {debuggerAddress: localhost:53792}, networkConnectionEnabled: false, pageLoadStrategy: normal, platformName: windows, proxy: Proxy(), se:cdp: ws://localhost:53792/devtoo..., se:cdpVersion: 118.0.5993.71, setWindowRect: true, strictFileInteractability: false, timeouts: {implicit: 0, pageLoad: 300000, script: 30000}, unhandledPromptBehavior: dismiss and notify, webauthn:extension:credBlob: true, webauthn:extension:largeBlob: true, webauthn:extension:minPinLength: true, webauthn:extension:prf: true, webauthn:virtualAuthenticators: true}
Session ID: 3cb4824c0ad8f8e49a9b0a48c132772a
	at org.openqa.selenium.remote.service.DriverService.stop(DriverService.java:305)
	at org.openqa.selenium.remote.service.DriverCommandExecutor.execute(DriverCommandExecutor.java:162)
	at org.openqa.selenium.remote.RemoteWebDriver.execute(RemoteWebDriver.java:607)
	at org.openqa.selenium.remote.RemoteWebDriver.execute(RemoteWebDriver.java:680)
	at org.openqa.selenium.remote.RemoteWebDriver.execute(RemoteWebDriver.java:684)
	at org.openqa.selenium.remote.RemoteWebDriver.quit(RemoteWebDriver.java:442)
	at org.openqa.selenium.chromium.ChromiumDriver.quit(ChromiumDriver.java:351)
	at TestBase.BaseClass.closeBrowser(BaseClass.java:139)
	at java.base/jdk.internal.reflect.NativeMethodAccessorImpl.invoke0(Native Method)
	at java.base/jdk.internal.reflect.NativeMethodAccessorImpl.invoke(NativeMethodAccessorImpl.java:77)
	at java.base/jdk.internal.reflect.DelegatingMethodAccessorImpl.invoke(DelegatingMethodAccessorImpl.java:43)
	at java.base/java.lang.reflect.Method.invoke(Method.java:568)
	at org.testng.internal.invokers.MethodInvocationHelper.invokeMethod(MethodInvocationHelper.java:139)
	at org.testng.internal.invokers.MethodInvocationHelper.invokeMethodConsideringTimeout(MethodInvocationHelper.java:69)
	at org.testng.internal.invokers.ConfigInvoker.invokeConfigurationMethod(ConfigInvoker.java:361)
	at org.testng.internal.invokers.ConfigInvoker.invokeConfigurations(ConfigInvoker.java:296)
	at org.testng.TestRunner.invokeTestConfigurations(TestRunner.java:644)
	at org.testng.TestRunner.afterRun(TestRunner.java:914)
	at org.testng.TestRunner.run(TestRunner.java:605)
	at org.testng.SuiteRunner.runTest(SuiteRunner.java:437)
	at org.testng.SuiteRunner.runSequentially(SuiteRunner.java:431)
	at org.testng.SuiteRunner.privateRun(SuiteRunner.java:391)
	at org.testng.SuiteRunner.run(SuiteRunner.java:330)
	at org.testng.SuiteRunnerWorker.runSuite(SuiteRunnerWorker.java:52)
	at org.testng.SuiteRunnerWorker.run(SuiteRunnerWorker.java:95)
	at org.testng.TestNG.runSuitesSequentially(TestNG.java:1256)
	at org.testng.TestNG.runSuitesLocally(TestNG.java:1176)
	at org.testng.TestNG.runSuites(TestNG.java:1099)
	at org.testng.TestNG.run(TestNG.java:1067)
	at org.testng.remote.AbstractRemoteTestNG.run(AbstractRemoteTestNG.java:115)
	at org.testng.remote.RemoteTestNG.initAndRun(RemoteTestNG.java:251)
	at org.testng.remote.RemoteTestNG.main(RemoteTestNG.java:77)
Caused by: org.openqa.selenium.net.UrlChecker$TimeoutException: Timed out waiting for http://localhost:7799/shutdown to become unavailable after 3040 ms
	at org.openqa.selenium.net.UrlChecker.waitUntilUnavailable(UrlChecker.java:140)
	at org.openqa.selenium.remote.service.DriverService.stop(DriverService.java:301)
	... 31 more
Caused by: java.util.concurrent.TimeoutException
	at java.base/java.util.concurrent.FutureTask.get(FutureTask.java:204)
	at org.openqa.selenium.net.UrlChecker.waitUntilUnavailable(UrlChecker.java:137)
	... 32 more
</pre></div></td>
<td>23</td>
<td>TestCase.TC005_gymResults@43bc63a3</td></tr>
</table><p>
<table width='100%' border='1' class='invocation-passed'>
<tr><td colspan='4' align='center'><b>PASSED TESTS</b></td></tr>
<tr><td><b>Test method</b></td>
<td><b>Attribute(s)</b></td>
<td width="30%"><b>Exception</b></td>
<td width="10%"><b>Time (seconds)</b></td>
<td><b>Instance</b></td>
</tr>
<tr>
<td title='TestCase.TC005_gymResults.test7()'><b>test7</b><br>Test class: TestCase.TC005_gymResults</td>
<td></td>
<td>41</td>
<td>TestCase.TC005_gymResults@43bc63a3</td></tr>
<tr>
<td title='TestCase.TC005_gymResults.test1()'><b>test1</b><br>Test class: TestCase.TC005_gymResults</td>
<td></td>
<td>23</td>
<td>TestCase.TC005_gymResults@43bc63a3</td></tr>
<tr>
<td title='TestCase.TC005_gymResults.test10()'><b>test10</b><br>Test class: TestCase.TC005_gymResults</td>
<td></td>
<td>0</td>
<td>TestCase.TC005_gymResults@43bc63a3</td></tr>
<tr>
<td title='TestCase.TC005_gymResults.test12()'><b>test12</b><br>Test class: TestCase.TC005_gymResults</td>
<td></td>
<td>25</td>
<td>TestCase.TC005_gymResults@43bc63a3</td></tr>
<tr>
<td title='TestCase.TC005_gymResults.test2()'><b>test2</b><br>Test class: TestCase.TC005_gymResults</td>
<td></td>
<td>33</td>
<td>TestCase.TC005_gymResults@43bc63a3</td></tr>
<tr>
<td title='TestCase.TC005_gymResults.test4()'><b>test4</b><br>Test class: TestCase.TC005_gymResults</td>
<td></td>
<td>48</td>
<td>TestCase.TC005_gymResults@43bc63a3</td></tr>
<tr>
<td title='TestCase.TC005_gymResults.test5()'><b>test5</b><br>Test class: TestCase.TC005_gymResults</td>
<td></td>
<td>31</td>
<td>TestCase.TC005_gymResults@43bc63a3</td></tr>
<tr>
<td title='TestCase.TC005_gymResults.test13()'><b>test13</b><br>Test class: TestCase.TC005_gymResults</td>
<td></td>
<td>23</td>
<td>TestCase.TC005_gymResults@43bc63a3</td></tr>
<tr>
<td title='TestCase.TC005_gymResults.test6()'><b>test6</b><br>Test class: TestCase.TC005_gymResults</td>
<td></td>
<td>71</td>
<td>TestCase.TC005_gymResults@43bc63a3</td></tr>
<tr>
<td title='TestCase.TC005_gymResults.test3()'><b>test3</b><br>Test class: TestCase.TC005_gymResults</td>
<td></td>
<td>37</td>
<td>TestCase.TC005_gymResults@43bc63a3</td></tr>
<tr>
<td title='TestCase.TC005_gymResults.test11()'><b>test11</b><br>Test class: TestCase.TC005_gymResults</td>
<td></td>
<td>27</td>
<td>TestCase.TC005_gymResults@43bc63a3</td></tr>
<tr>
<td title='TestCase.TC005_gymResults.test8()'><b>test8</b><br>Test class: TestCase.TC005_gymResults</td>
<td></td>
<td>11</td>
<td>TestCase.TC005_gymResults@43bc63a3</td></tr>
<tr>
<td title='TestCase.TC005_gymResults.test9()'><b>test9</b><br>Test class: TestCase.TC005_gymResults</td>
<td></td>
<td>4</td>
<td>TestCase.TC005_gymResults@43bc63a3</td></tr>
</table><p>
</body>
</html>