<?xml version="1.0" encoding="UTF-8"?>
<testng-results ignored="4" total="30" passed="26" failed="0" skipped="0">
  <reporter-output>
  </reporter-output>
  <suite started-at="2024-02-08T09:50:10 IST" name="Suite" finished-at="2024-02-08T10:03:32 IST" duration-ms="801616">
    <groups>
      <group name="regression">
        <method signature="TC001_askLaila.test1()[pri:1, instance:TestCase.TC005_gymResults@43bc63a3]" name="test1" class="TestCase.TC001_askLaila"/>
        <method signature="TC001_askLaila.test2()[pri:2, instance:TestCase.TC005_gymResults@43bc63a3]" name="test2" class="TestCase.TC001_askLaila"/>
        <method signature="TC001_askLaila.test3()[pri:3, instance:TestCase.TC005_gymResults@43bc63a3]" name="test3" class="TestCase.TC001_askLaila"/>
        <method signature="TC002_homePage.test4()[pri:4, instance:TestCase.TC005_gymResults@43bc63a3]" name="test4" class="TestCase.TC002_homePage"/>
        <method signature="TC003_results.test5()[pri:5, instance:TestCase.TC005_gymResults@43bc63a3]" name="test5" class="TestCase.TC003_results"/>
        <method signature="TC003_results.test6()[pri:6, instance:TestCase.TC005_gymResults@43bc63a3]" name="test6" class="TestCase.TC003_results"/>
        <method signature="TC004_freeListing.test7()[pri:7, instance:TestCase.TC005_gymResults@43bc63a3]" name="test7" class="TestCase.TC004_freeListing"/>
        <method signature="TC004_freeListing.test8()[pri:8, instance:TestCase.TC005_gymResults@43bc63a3]" name="test8" class="TestCase.TC004_freeListing"/>
        <method signature="TC004_freeListing.test10()[pri:10, instance:TestCase.TC005_gymResults@43bc63a3]" name="test10" class="TestCase.TC004_freeListing"/>
        <method signature="TC004_freeListing.test11()[pri:11, instance:TestCase.TC005_gymResults@43bc63a3]" name="test11" class="TestCase.TC004_freeListing"/>
        <method signature="TC002_homePage.test12()[pri:12, instance:TestCase.TC005_gymResults@43bc63a3]" name="test12" class="TestCase.TC002_homePage"/>
        <method signature="TC005_gymResults.test13()[pri:13, instance:TestCase.TC005_gymResults@43bc63a3]" name="test13" class="TestCase.TC005_gymResults"/>
        <method signature="TC001_askLaila.test1()[pri:1, instance:TestCase.TC005_gymResults@24269709]" name="test1" class="TestCase.TC001_askLaila"/>
        <method signature="TC001_askLaila.test2()[pri:2, instance:TestCase.TC005_gymResults@24269709]" name="test2" class="TestCase.TC001_askLaila"/>
        <method signature="TC001_askLaila.test3()[pri:3, instance:TestCase.TC005_gymResults@24269709]" name="test3" class="TestCase.TC001_askLaila"/>
        <method signature="TC002_homePage.test4()[pri:4, instance:TestCase.TC005_gymResults@24269709]" name="test4" class="TestCase.TC002_homePage"/>
        <method signature="TC003_results.test5()[pri:5, instance:TestCase.TC005_gymResults@24269709]" name="test5" class="TestCase.TC003_results"/>
        <method signature="TC003_results.test6()[pri:6, instance:TestCase.TC005_gymResults@24269709]" name="test6" class="TestCase.TC003_results"/>
        <method signature="TC004_freeListing.test7()[pri:7, instance:TestCase.TC005_gymResults@24269709]" name="test7" class="TestCase.TC004_freeListing"/>
        <method signature="TC004_freeListing.test8()[pri:8, instance:TestCase.TC005_gymResults@24269709]" name="test8" class="TestCase.TC004_freeListing"/>
        <method signature="TC004_freeListing.test10()[pri:10, instance:TestCase.TC005_gymResults@24269709]" name="test10" class="TestCase.TC004_freeListing"/>
        <method signature="TC004_freeListing.test11()[pri:11, instance:TestCase.TC005_gymResults@24269709]" name="test11" class="TestCase.TC004_freeListing"/>
        <method signature="TC002_homePage.test12()[pri:12, instance:TestCase.TC005_gymResults@24269709]" name="test12" class="TestCase.TC002_homePage"/>
        <method signature="TC005_gymResults.test13()[pri:13, instance:TestCase.TC005_gymResults@24269709]" name="test13" class="TestCase.TC005_gymResults"/>
      </group> <!-- regression -->
      <group name="sanity">
        <method signature="TC004_freeListing.test9()[pri:9, instance:TestCase.TC005_gymResults@43bc63a3]" name="test9" class="TestCase.TC004_freeListing"/>
        <method signature="TC004_freeListing.test9()[pri:9, instance:TestCase.TC005_gymResults@24269709]" name="test9" class="TestCase.TC004_freeListing"/>
      </group> <!-- sanity -->
      <group name="master">
        <method signature="TC001_askLaila.test1()[pri:1, instance:TestCase.TC005_gymResults@43bc63a3]" name="test1" class="TestCase.TC001_askLaila"/>
        <method signature="TC001_askLaila.test2()[pri:2, instance:TestCase.TC005_gymResults@43bc63a3]" name="test2" class="TestCase.TC001_askLaila"/>
        <method signature="TC001_askLaila.test3()[pri:3, instance:TestCase.TC005_gymResults@43bc63a3]" name="test3" class="TestCase.TC001_askLaila"/>
        <method signature="TC002_homePage.test4()[pri:4, instance:TestCase.TC005_gymResults@43bc63a3]" name="test4" class="TestCase.TC002_homePage"/>
        <method signature="TC003_results.test5()[pri:5, instance:TestCase.TC005_gymResults@43bc63a3]" name="test5" class="TestCase.TC003_results"/>
        <method signature="TC003_results.test6()[pri:6, instance:TestCase.TC005_gymResults@43bc63a3]" name="test6" class="TestCase.TC003_results"/>
        <method signature="TC004_freeListing.test7()[pri:7, instance:TestCase.TC005_gymResults@43bc63a3]" name="test7" class="TestCase.TC004_freeListing"/>
        <method signature="TC004_freeListing.test8()[pri:8, instance:TestCase.TC005_gymResults@43bc63a3]" name="test8" class="TestCase.TC004_freeListing"/>
        <method signature="TC004_freeListing.test9()[pri:9, instance:TestCase.TC005_gymResults@43bc63a3]" name="test9" class="TestCase.TC004_freeListing"/>
        <method signature="TC004_freeListing.test10()[pri:10, instance:TestCase.TC005_gymResults@43bc63a3]" name="test10" class="TestCase.TC004_freeListing"/>
        <method signature="TC004_freeListing.test11()[pri:11, instance:TestCase.TC005_gymResults@43bc63a3]" name="test11" class="TestCase.TC004_freeListing"/>
        <method signature="TC002_homePage.test12()[pri:12, instance:TestCase.TC005_gymResults@43bc63a3]" name="test12" class="TestCase.TC002_homePage"/>
        <method signature="TC005_gymResults.test13()[pri:13, instance:TestCase.TC005_gymResults@43bc63a3]" name="test13" class="TestCase.TC005_gymResults"/>
        <method signature="TC001_askLaila.test1()[pri:1, instance:TestCase.TC005_gymResults@24269709]" name="test1" class="TestCase.TC001_askLaila"/>
        <method signature="TC001_askLaila.test2()[pri:2, instance:TestCase.TC005_gymResults@24269709]" name="test2" class="TestCase.TC001_askLaila"/>
        <method signature="TC001_askLaila.test3()[pri:3, instance:TestCase.TC005_gymResults@24269709]" name="test3" class="TestCase.TC001_askLaila"/>
        <method signature="TC002_homePage.test4()[pri:4, instance:TestCase.TC005_gymResults@24269709]" name="test4" class="TestCase.TC002_homePage"/>
        <method signature="TC003_results.test5()[pri:5, instance:TestCase.TC005_gymResults@24269709]" name="test5" class="TestCase.TC003_results"/>
        <method signature="TC003_results.test6()[pri:6, instance:TestCase.TC005_gymResults@24269709]" name="test6" class="TestCase.TC003_results"/>
        <method signature="TC004_freeListing.test7()[pri:7, instance:TestCase.TC005_gymResults@24269709]" name="test7" class="TestCase.TC004_freeListing"/>
        <method signature="TC004_freeListing.test8()[pri:8, instance:TestCase.TC005_gymResults@24269709]" name="test8" class="TestCase.TC004_freeListing"/>
        <method signature="TC004_freeListing.test9()[pri:9, instance:TestCase.TC005_gymResults@24269709]" name="test9" class="TestCase.TC004_freeListing"/>
        <method signature="TC004_freeListing.test10()[pri:10, instance:TestCase.TC005_gymResults@24269709]" name="test10" class="TestCase.TC004_freeListing"/>
        <method signature="TC004_freeListing.test11()[pri:11, instance:TestCase.TC005_gymResults@24269709]" name="test11" class="TestCase.TC004_freeListing"/>
        <method signature="TC002_homePage.test12()[pri:12, instance:TestCase.TC005_gymResults@24269709]" name="test12" class="TestCase.TC002_homePage"/>
        <method signature="TC005_gymResults.test13()[pri:13, instance:TestCase.TC005_gymResults@24269709]" name="test13" class="TestCase.TC005_gymResults"/>
      </group> <!-- master -->
    </groups>
    <test started-at="2024-02-08T09:50:10 IST" name="Chrome hackathon" finished-at="2024-02-08T09:58:00 IST" duration-ms="470175">
      <class name="TestCase.TC005_gymResults">
        <test-method is-config="true" signature="setUp(java.lang.String,java.lang.String)[pri:0, instance:TestCase.TC005_gymResults@43bc63a3]" started-at="2024-02-08T09:50:12 IST" name="setUp" finished-at="2024-02-08T09:51:03 IST" duration-ms="51738" status="PASS">
          <params>
            <param index="0">
              <value>
                <![CDATA[Windows]]>
              </value>
            </param>
            <param index="1">
              <value>
                <![CDATA[chrome]]>
              </value>
            </param>
          </params>
          <reporter-output>
          </reporter-output>
        </test-method> <!-- setUp -->
        <test-method signature="test1()[pri:1, instance:TestCase.TC005_gymResults@43bc63a3]" started-at="2024-02-08T09:51:04 IST" name="test1" finished-at="2024-02-08T09:51:27 IST" duration-ms="23686" status="PASS">
          <reporter-output>
          </reporter-output>
        </test-method> <!-- test1 -->
        <test-method signature="test2()[pri:2, instance:TestCase.TC005_gymResults@43bc63a3]" started-at="2024-02-08T09:51:29 IST" name="test2" finished-at="2024-02-08T09:52:03 IST" duration-ms="33800" status="PASS">
          <reporter-output>
          </reporter-output>
        </test-method> <!-- test2 -->
        <test-method signature="test3()[pri:3, instance:TestCase.TC005_gymResults@43bc63a3]" started-at="2024-02-08T09:52:05 IST" name="test3" finished-at="2024-02-08T09:52:42 IST" duration-ms="37121" status="PASS">
          <reporter-output>
          </reporter-output>
        </test-method> <!-- test3 -->
        <test-method signature="test4()[pri:4, instance:TestCase.TC005_gymResults@43bc63a3]" started-at="2024-02-08T09:52:44 IST" name="test4" finished-at="2024-02-08T09:53:33 IST" duration-ms="48184" status="PASS">
          <reporter-output>
          </reporter-output>
        </test-method> <!-- test4 -->
        <test-method signature="test5()[pri:5, instance:TestCase.TC005_gymResults@43bc63a3]" started-at="2024-02-08T09:53:33 IST" name="test5" finished-at="2024-02-08T09:54:05 IST" duration-ms="31635" status="PASS">
          <reporter-output>
          </reporter-output>
        </test-method> <!-- test5 -->
        <test-method signature="test6()[pri:6, instance:TestCase.TC005_gymResults@43bc63a3]" started-at="2024-02-08T09:54:07 IST" name="test6" finished-at="2024-02-08T09:55:19 IST" duration-ms="71735" status="PASS">
          <reporter-output>
          </reporter-output>
        </test-method> <!-- test6 -->
        <test-method signature="test7()[pri:7, instance:TestCase.TC005_gymResults@43bc63a3]" started-at="2024-02-08T09:55:19 IST" name="test7" finished-at="2024-02-08T09:56:01 IST" duration-ms="41684" status="PASS">
          <reporter-output>
          </reporter-output>
        </test-method> <!-- test7 -->
        <test-method signature="test8()[pri:8, instance:TestCase.TC005_gymResults@43bc63a3]" started-at="2024-02-08T09:56:01 IST" name="test8" finished-at="2024-02-08T09:56:13 IST" duration-ms="11787" status="PASS">
          <reporter-output>
          </reporter-output>
        </test-method> <!-- test8 -->
        <test-method signature="test9()[pri:9, instance:TestCase.TC005_gymResults@43bc63a3]" started-at="2024-02-08T09:56:13 IST" name="test9" finished-at="2024-02-08T09:56:17 IST" duration-ms="4194" status="PASS">
          <reporter-output>
          </reporter-output>
        </test-method> <!-- test9 -->
        <test-method signature="test10()[pri:10, instance:TestCase.TC005_gymResults@43bc63a3]" started-at="2024-02-08T09:56:18 IST" name="test10" finished-at="2024-02-08T09:56:18 IST" duration-ms="160" status="PASS">
          <reporter-output>
          </reporter-output>
        </test-method> <!-- test10 -->
        <test-method signature="test11()[pri:11, instance:TestCase.TC005_gymResults@43bc63a3]" started-at="2024-02-08T09:56:18 IST" name="test11" finished-at="2024-02-08T09:56:46 IST" duration-ms="27770" status="PASS">
          <reporter-output>
          </reporter-output>
        </test-method> <!-- test11 -->
        <test-method signature="test12()[pri:12, instance:TestCase.TC005_gymResults@43bc63a3]" started-at="2024-02-08T09:56:46 IST" name="test12" finished-at="2024-02-08T09:57:11 IST" duration-ms="25162" status="PASS">
          <reporter-output>
          </reporter-output>
        </test-method> <!-- test12 -->
        <test-method signature="test13()[pri:13, instance:TestCase.TC005_gymResults@43bc63a3]" started-at="2024-02-08T09:57:12 IST" name="test13" finished-at="2024-02-08T09:57:36 IST" duration-ms="23632" status="PASS">
          <reporter-output>
          </reporter-output>
        </test-method> <!-- test13 -->
        <test-method is-config="true" signature="closeBrowser()[pri:0, instance:TestCase.TC005_gymResults@43bc63a3]" started-at="2024-02-08T09:57:36 IST" name="closeBrowser" finished-at="2024-02-08T09:58:00 IST" duration-ms="23817" status="FAIL">
          <exception class="org.openqa.selenium.WebDriverException">
            <message>
              <![CDATA[Timed out waiting for driver server to shutdown.
Build info: version: '4.15.0', revision: '1d14b5521b'
System info: os.name: 'Windows 11', os.arch: 'amd64', os.version: '10.0', java.version: '17.0.2'
Driver info: org.openqa.selenium.chrome.ChromeDriver
Command: [3cb4824c0ad8f8e49a9b0a48c132772a, quit {}]
Capabilities {acceptInsecureCerts: false, browserName: chrome, browserVersion: 118.0.5993.71, chrome: {chromedriverVersion: 118.0.5993.70 (e52f33f30b91..., userDataDir: C:\Windows\SystemTemp\scope...}, fedcm:accounts: true, goog:chromeOptions: {debuggerAddress: localhost:53792}, networkConnectionEnabled: false, pageLoadStrategy: normal, platformName: windows, proxy: Proxy(), se:cdp: ws://localhost:53792/devtoo..., se:cdpVersion: 118.0.5993.71, setWindowRect: true, strictFileInteractability: false, timeouts: {implicit: 0, pageLoad: 300000, script: 30000}, unhandledPromptBehavior: dismiss and notify, webauthn:extension:credBlob: true, webauthn:extension:largeBlob: true, webauthn:extension:minPinLength: true, webauthn:extension:prf: true, webauthn:virtualAuthenticators: true}
Session ID: 3cb4824c0ad8f8e49a9b0a48c132772a]]>
            </message>
            <full-stacktrace>
              <![CDATA[org.openqa.selenium.WebDriverException: Timed out waiting for driver server to shutdown.
Build info: version: '4.15.0', revision: '1d14b5521b'
System info: os.name: 'Windows 11', os.arch: 'amd64', os.version: '10.0', java.version: '17.0.2'
Driver info: org.openqa.selenium.chrome.ChromeDriver
Command: [3cb4824c0ad8f8e49a9b0a48c132772a, quit {}]
Capabilities {acceptInsecureCerts: false, browserName: chrome, browserVersion: 118.0.5993.71, chrome: {chromedriverVersion: 118.0.5993.70 (e52f33f30b91..., userDataDir: C:\Windows\SystemTemp\scope...}, fedcm:accounts: true, goog:chromeOptions: {debuggerAddress: localhost:53792}, networkConnectionEnabled: false, pageLoadStrategy: normal, platformName: windows, proxy: Proxy(), se:cdp: ws://localhost:53792/devtoo..., se:cdpVersion: 118.0.5993.71, setWindowRect: true, strictFileInteractability: false, timeouts: {implicit: 0, pageLoad: 300000, script: 30000}, unhandledPromptBehavior: dismiss and notify, webauthn:extension:credBlob: true, webauthn:extension:largeBlob: true, webauthn:extension:minPinLength: true, webauthn:extension:prf: true, webauthn:virtualAuthenticators: true}
Session ID: 3cb4824c0ad8f8e49a9b0a48c132772a
at org.openqa.selenium.remote.service.DriverService.stop(DriverService.java:305)
at org.openqa.selenium.remote.service.DriverCommandExecutor.execute(DriverCommandExecutor.java:162)
at org.openqa.selenium.remote.RemoteWebDriver.execute(RemoteWebDriver.java:607)
at org.openqa.selenium.remote.RemoteWebDriver.execute(RemoteWebDriver.java:680)
at org.openqa.selenium.remote.RemoteWebDriver.execute(RemoteWebDriver.java:684)
at org.openqa.selenium.remote.RemoteWebDriver.quit(RemoteWebDriver.java:442)
at org.openqa.selenium.chromium.ChromiumDriver.quit(ChromiumDriver.java:351)
at TestBase.BaseClass.closeBrowser(BaseClass.java:139)
at java.base/jdk.internal.reflect.NativeMethodAccessorImpl.invoke0(Native Method)
at java.base/jdk.internal.reflect.NativeMethodAccessorImpl.invoke(NativeMethodAccessorImpl.java:77)
at java.base/jdk.internal.reflect.DelegatingMethodAccessorImpl.invoke(DelegatingMethodAccessorImpl.java:43)
at java.base/java.lang.reflect.Method.invoke(Method.java:568)
at org.testng.internal.invokers.MethodInvocationHelper.invokeMethod(MethodInvocationHelper.java:139)
at org.testng.internal.invokers.MethodInvocationHelper.invokeMethodConsideringTimeout(MethodInvocationHelper.java:69)
at org.testng.internal.invokers.ConfigInvoker.invokeConfigurationMethod(ConfigInvoker.java:361)
at org.testng.internal.invokers.ConfigInvoker.invokeConfigurations(ConfigInvoker.java:296)
at org.testng.TestRunner.invokeTestConfigurations(TestRunner.java:644)
at org.testng.TestRunner.afterRun(TestRunner.java:914)
at org.testng.TestRunner.run(TestRunner.java:605)
at org.testng.SuiteRunner.runTest(SuiteRunner.java:437)
at org.testng.SuiteRunner.runSequentially(SuiteRunner.java:431)
at org.testng.SuiteRunner.privateRun(SuiteRunner.java:391)
at org.testng.SuiteRunner.run(SuiteRunner.java:330)
at org.testng.SuiteRunnerWorker.runSuite(SuiteRunnerWorker.java:52)
at org.testng.SuiteRunnerWorker.run(SuiteRunnerWorker.java:95)
at org.testng.TestNG.runSuitesSequentially(TestNG.java:1256)
at org.testng.TestNG.runSuitesLocally(TestNG.java:1176)
at org.testng.TestNG.runSuites(TestNG.java:1099)
at org.testng.TestNG.run(TestNG.java:1067)
at org.testng.remote.AbstractRemoteTestNG.run(AbstractRemoteTestNG.java:115)
at org.testng.remote.RemoteTestNG.initAndRun(RemoteTestNG.java:251)
at org.testng.remote.RemoteTestNG.main(RemoteTestNG.java:77)
Caused by: org.openqa.selenium.net.UrlChecker$TimeoutException: Timed out waiting for http://localhost:7799/shutdown to become unavailable after 3040 ms
at org.openqa.selenium.net.UrlChecker.waitUntilUnavailable(UrlChecker.java:140)
at org.openqa.selenium.remote.service.DriverService.stop(DriverService.java:301)
... 31 more
Caused by: java.util.concurrent.TimeoutException
at java.base/java.util.concurrent.FutureTask.get(FutureTask.java:204)
at org.openqa.selenium.net.UrlChecker.waitUntilUnavailable(UrlChecker.java:137)
... 32 more
]]>
            </full-stacktrace>
          </exception> <!-- org.openqa.selenium.WebDriverException -->
          <reporter-output>
          </reporter-output>
        </test-method> <!-- closeBrowser -->
      </class> <!-- TestCase.TC005_gymResults -->
    </test> <!-- Chrome hackathon -->
    <test started-at="2024-02-08T09:58:02 IST" name="Edge hackathon" finished-at="2024-02-08T10:03:32 IST" duration-ms="329021">
      <class name="TestCase.TC005_gymResults">
        <test-method is-config="true" signature="setUp(java.lang.String,java.lang.String)[pri:0, instance:TestCase.TC005_gymResults@24269709]" started-at="2024-02-08T09:58:02 IST" name="setUp" finished-at="2024-02-08T09:58:38 IST" duration-ms="35236" status="PASS">
          <params>
            <param index="0">
              <value>
                <![CDATA[Windows]]>
              </value>
            </param>
            <param index="1">
              <value>
                <![CDATA[edge]]>
              </value>
            </param>
          </params>
          <reporter-output>
          </reporter-output>
        </test-method> <!-- setUp -->
        <test-method signature="test1()[pri:1, instance:TestCase.TC005_gymResults@24269709]" started-at="2024-02-08T09:58:38 IST" name="test1" finished-at="2024-02-08T09:59:01 IST" duration-ms="23355" status="PASS">
          <reporter-output>
          </reporter-output>
        </test-method> <!-- test1 -->
        <test-method signature="test2()[pri:2, instance:TestCase.TC005_gymResults@24269709]" started-at="2024-02-08T09:59:02 IST" name="test2" finished-at="2024-02-08T09:59:29 IST" duration-ms="27183" status="PASS">
          <reporter-output>
          </reporter-output>
        </test-method> <!-- test2 -->
        <test-method signature="test3()[pri:3, instance:TestCase.TC005_gymResults@24269709]" started-at="2024-02-08T09:59:31 IST" name="test3" finished-at="2024-02-08T09:59:59 IST" duration-ms="28046" status="PASS">
          <reporter-output>
          </reporter-output>
        </test-method> <!-- test3 -->
        <test-method signature="test4()[pri:4, instance:TestCase.TC005_gymResults@24269709]" started-at="2024-02-08T10:00:01 IST" name="test4" finished-at="2024-02-08T10:00:45 IST" duration-ms="44105" status="PASS">
          <reporter-output>
          </reporter-output>
        </test-method> <!-- test4 -->
        <test-method signature="test5()[pri:5, instance:TestCase.TC005_gymResults@24269709]" started-at="2024-02-08T10:00:46 IST" name="test5" finished-at="2024-02-08T10:01:15 IST" duration-ms="29125" status="PASS">
          <reporter-output>
          </reporter-output>
        </test-method> <!-- test5 -->
        <test-method signature="test6()[pri:6, instance:TestCase.TC005_gymResults@24269709]" started-at="2024-02-08T10:01:16 IST" name="test6" finished-at="2024-02-08T10:02:11 IST" duration-ms="55009" status="PASS">
          <reporter-output>
          </reporter-output>
        </test-method> <!-- test6 -->
        <test-method signature="test7()[pri:7, instance:TestCase.TC005_gymResults@24269709]" started-at="2024-02-08T10:02:11 IST" name="test7" finished-at="2024-02-08T10:02:39 IST" duration-ms="28256" status="PASS">
          <reporter-output>
          </reporter-output>
        </test-method> <!-- test7 -->
        <test-method signature="test8()[pri:8, instance:TestCase.TC005_gymResults@24269709]" started-at="2024-02-08T10:02:39 IST" name="test8" finished-at="2024-02-08T10:02:51 IST" duration-ms="11660" status="PASS">
          <reporter-output>
          </reporter-output>
        </test-method> <!-- test8 -->
        <test-method signature="test9()[pri:9, instance:TestCase.TC005_gymResults@24269709]" started-at="2024-02-08T10:02:51 IST" name="test9" finished-at="2024-02-08T10:02:56 IST" duration-ms="4441" status="PASS">
          <reporter-output>
          </reporter-output>
        </test-method> <!-- test9 -->
        <test-method signature="test10()[pri:10, instance:TestCase.TC005_gymResults@24269709]" started-at="2024-02-08T10:02:56 IST" name="test10" finished-at="2024-02-08T10:02:57 IST" duration-ms="360" status="PASS">
          <reporter-output>
          </reporter-output>
        </test-method> <!-- test10 -->
        <test-method signature="test11()[pri:11, instance:TestCase.TC005_gymResults@24269709]" started-at="2024-02-08T10:02:59 IST" name="test11" finished-at="2024-02-08T10:03:00 IST" duration-ms="862" status="PASS">
          <reporter-output>
          </reporter-output>
        </test-method> <!-- test11 -->
        <test-method signature="test12()[pri:12, instance:TestCase.TC005_gymResults@24269709]" started-at="2024-02-08T10:03:01 IST" name="test12" finished-at="2024-02-08T10:03:13 IST" duration-ms="11391" status="PASS">
          <reporter-output>
          </reporter-output>
        </test-method> <!-- test12 -->
        <test-method signature="test13()[pri:13, instance:TestCase.TC005_gymResults@24269709]" started-at="2024-02-08T10:03:13 IST" name="test13" finished-at="2024-02-08T10:03:29 IST" duration-ms="15878" status="PASS">
          <reporter-output>
          </reporter-output>
        </test-method> <!-- test13 -->
        <test-method is-config="true" signature="closeBrowser()[pri:0, instance:TestCase.TC005_gymResults@24269709]" started-at="2024-02-08T10:03:30 IST" name="closeBrowser" finished-at="2024-02-08T10:03:32 IST" duration-ms="1869" status="PASS">
          <reporter-output>
          </reporter-output>
        </test-method> <!-- closeBrowser -->
      </class> <!-- TestCase.TC005_gymResults -->
    </test> <!-- Edge hackathon -->
  </suite> <!-- Suite -->
</testng-results>
