<?xml version="1.0" encoding="UTF-8"?>
<!-- Generated by org.testng.reporters.JUnitReportReporter -->
<testsuite hostname="LTIN277629" failures="0" tests="27" name="TestCase.TC005_gymResults" time="684.038" errors="1" timestamp="2024-02-08T10:03:32 IST" skipped="0">
  <testcase classname="TestCase.TC005_gymResults" name="closeBrowser" time="23.817">
    <error message="Timed out waiting for driver server to shutdown.
Build info: version: &#039;4.15.0&#039;, revision: &#039;1d14b5521b&#039;
System info: os.name: &#039;Windows 11&#039;, os.arch: &#039;amd64&#039;, os.version: &#039;10.0&#039;, java.version: &#039;17.0.2&#039;
Driver info: org.openqa.selenium.chrome.ChromeDriver
Command: [3cb4824c0ad8f8e49a9b0a48c132772a, quit {}]
Capabilities {acceptInsecureCerts: false, browserName: chrome, browserVersion: 118.0.5993.71, chrome: {chromedriverVersion: 118.0.5993.70 (e52f33f30b91..., userDataDir: C:\Windows\SystemTemp\scope...}, fedcm:accounts: true, goog:chromeOptions: {debuggerAddress: localhost:53792}, networkConnectionEnabled: false, pageLoadStrategy: normal, platformName: windows, proxy: Proxy(), se:cdp: ws://localhost:53792/devtoo..., se:cdpVersion: 118.0.5993.71, setWindowRect: true, strictFileInteractability: false, timeouts: {implicit: 0, pageLoad: 300000, script: 30000}, unhandledPromptBehavior: dismiss and notify, webauthn:extension:credBlob: true, webauthn:extension:largeBlob: true, webauthn:extension:minPinLength: true, webauthn:extension:prf: true, webauthn:virtualAuthenticators: true}
Session ID: 3cb4824c0ad8f8e49a9b0a48c132772a" type="org.openqa.selenium.WebDriverException">
      <![CDATA[org.openqa.selenium.WebDriverException: Timed out waiting for driver server to shutdown.
Build info: version: '4.15.0', revision: '1d14b5521b'
System info: os.name: 'Windows 11', os.arch: 'amd64', os.version: '10.0', java.version: '17.0.2'
Driver info: org.openqa.selenium.chrome.ChromeDriver
Command: [3cb4824c0ad8f8e49a9b0a48c132772a, quit {}]
Capabilities {acceptInsecureCerts: false, browserName: chrome, browserVersion: 118.0.5993.71, chrome: {chromedriverVersion: 118.0.5993.70 (e52f33f30b91..., userDataDir: C:\Windows\SystemTemp\scope...}, fedcm:accounts: true, goog:chromeOptions: {debuggerAddress: localhost:53792}, networkConnectionEnabled: false, pageLoadStrategy: normal, platformName: windows, proxy: Proxy(), se:cdp: ws://localhost:53792/devtoo..., se:cdpVersion: 118.0.5993.71, setWindowRect: true, strictFileInteractability: false, timeouts: {implicit: 0, pageLoad: 300000, script: 30000}, unhandledPromptBehavior: dismiss and notify, webauthn:extension:credBlob: true, webauthn:extension:largeBlob: true, webauthn:extension:minPinLength: true, webauthn:extension:prf: true, webauthn:virtualAuthenticators: true}
Session ID: 3cb4824c0ad8f8e49a9b0a48c132772a
at org.openqa.selenium.remote.service.DriverService.stop(DriverService.java:305)
at org.openqa.selenium.remote.service.DriverCommandExecutor.execute(DriverCommandExecutor.java:162)
at org.openqa.selenium.remote.RemoteWebDriver.execute(RemoteWebDriver.java:607)
at org.openqa.selenium.remote.RemoteWebDriver.execute(RemoteWebDriver.java:680)
at org.openqa.selenium.remote.RemoteWebDriver.execute(RemoteWebDriver.java:684)
at org.openqa.selenium.remote.RemoteWebDriver.quit(RemoteWebDriver.java:442)
at org.openqa.selenium.chromium.ChromiumDriver.quit(ChromiumDriver.java:351)
at TestBase.BaseClass.closeBrowser(BaseClass.java:139)
at java.base/jdk.internal.reflect.NativeMethodAccessorImpl.invoke0(Native Method)
at java.base/jdk.internal.reflect.NativeMethodAccessorImpl.invoke(NativeMethodAccessorImpl.java:77)
at java.base/jdk.internal.reflect.DelegatingMethodAccessorImpl.invoke(DelegatingMethodAccessorImpl.java:43)
at java.base/java.lang.reflect.Method.invoke(Method.java:568)
at org.testng.internal.invokers.MethodInvocationHelper.invokeMethod(MethodInvocationHelper.java:139)
at org.testng.internal.invokers.MethodInvocationHelper.invokeMethodConsideringTimeout(MethodInvocationHelper.java:69)
at org.testng.internal.invokers.ConfigInvoker.invokeConfigurationMethod(ConfigInvoker.java:361)
at org.testng.internal.invokers.ConfigInvoker.invokeConfigurations(ConfigInvoker.java:296)
at org.testng.TestRunner.invokeTestConfigurations(TestRunner.java:644)
at org.testng.TestRunner.afterRun(TestRunner.java:914)
at org.testng.TestRunner.run(TestRunner.java:605)
at org.testng.SuiteRunner.runTest(SuiteRunner.java:437)
at org.testng.SuiteRunner.runSequentially(SuiteRunner.java:431)
at org.testng.SuiteRunner.privateRun(SuiteRunner.java:391)
at org.testng.SuiteRunner.run(SuiteRunner.java:330)
at org.testng.SuiteRunnerWorker.runSuite(SuiteRunnerWorker.java:52)
at org.testng.SuiteRunnerWorker.run(SuiteRunnerWorker.java:95)
at org.testng.TestNG.runSuitesSequentially(TestNG.java:1256)
at org.testng.TestNG.runSuitesLocally(TestNG.java:1176)
at org.testng.TestNG.runSuites(TestNG.java:1099)
at org.testng.TestNG.run(TestNG.java:1067)
at org.testng.remote.AbstractRemoteTestNG.run(AbstractRemoteTestNG.java:115)
at org.testng.remote.RemoteTestNG.initAndRun(RemoteTestNG.java:251)
at org.testng.remote.RemoteTestNG.main(RemoteTestNG.java:77)
Caused by: org.openqa.selenium.net.UrlChecker$TimeoutException: Timed out waiting for http://localhost:7799/shutdown to become unavailable after 3040 ms
at org.openqa.selenium.net.UrlChecker.waitUntilUnavailable(UrlChecker.java:140)
at org.openqa.selenium.remote.service.DriverService.stop(DriverService.java:301)
... 31 more
Caused by: java.util.concurrent.TimeoutException
at java.base/java.util.concurrent.FutureTask.get(FutureTask.java:204)
at org.openqa.selenium.net.UrlChecker.waitUntilUnavailable(UrlChecker.java:137)
... 32 more
]]>
    </error>
  </testcase> <!-- closeBrowser -->
  <system-out/>
  <testcase classname="TestCase.TC005_gymResults" name="test1" time="23.686"/>
  <system-out/>
  <testcase classname="TestCase.TC005_gymResults" name="test1" time="23.355"/>
  <system-out/>
  <testcase classname="TestCase.TC005_gymResults" name="test2" time="27.183"/>
  <system-out/>
  <testcase classname="TestCase.TC005_gymResults" name="test2" time="33.800"/>
  <system-out/>
  <testcase classname="TestCase.TC005_gymResults" name="test3" time="28.046"/>
  <system-out/>
  <testcase classname="TestCase.TC005_gymResults" name="test3" time="37.121"/>
  <system-out/>
  <testcase classname="TestCase.TC005_gymResults" name="test4" time="48.184"/>
  <system-out/>
  <testcase classname="TestCase.TC005_gymResults" name="test4" time="44.105"/>
  <system-out/>
  <testcase classname="TestCase.TC005_gymResults" name="test5" time="31.635"/>
  <system-out/>
  <testcase classname="TestCase.TC005_gymResults" name="test5" time="29.125"/>
  <system-out/>
  <testcase classname="TestCase.TC005_gymResults" name="test6" time="55.009"/>
  <system-out/>
  <testcase classname="TestCase.TC005_gymResults" name="test6" time="71.735"/>
  <system-out/>
  <testcase classname="TestCase.TC005_gymResults" name="test7" time="41.684"/>
  <system-out/>
  <testcase classname="TestCase.TC005_gymResults" name="test7" time="28.256"/>
  <system-out/>
  <testcase classname="TestCase.TC005_gymResults" name="test8" time="11.660"/>
  <system-out/>
  <testcase classname="TestCase.TC005_gymResults" name="test8" time="11.787"/>
  <system-out/>
  <testcase classname="TestCase.TC005_gymResults" name="test9" time="4.441"/>
  <system-out/>
  <testcase classname="TestCase.TC005_gymResults" name="test9" time="4.194"/>
  <system-out/>
  <testcase classname="TestCase.TC005_gymResults" name="test10" time="0.160"/>
  <system-out/>
  <testcase classname="TestCase.TC005_gymResults" name="test10" time="0.360"/>
  <system-out/>
  <testcase classname="TestCase.TC005_gymResults" name="test11" time="0.862"/>
  <system-out/>
  <testcase classname="TestCase.TC005_gymResults" name="test11" time="27.770"/>
  <system-out/>
  <testcase classname="TestCase.TC005_gymResults" name="test12" time="11.391"/>
  <system-out/>
  <testcase classname="TestCase.TC005_gymResults" name="test12" time="25.162"/>
  <system-out/>
  <testcase classname="TestCase.TC005_gymResults" name="test13" time="15.878"/>
  <system-out/>
  <testcase classname="TestCase.TC005_gymResults" name="test13" time="23.632"/>
  <system-out/>
</testsuite> <!-- TestCase.TC005_gymResults -->
